 04/23/2024 12:23:01 PM : INFO : TestGreenCart : ********** GreenCartTest **********  
 04/23/2024 12:23:01 PM : INFO : TestGreenCart : ********** GreenCartTest **********  
 04/23/2024 12:23:01 PM : INFO : TestGreenCart : ********** Opening page Url ********** 
 04/23/2024 12:23:01 PM : INFO : TestGreenCart : ********** Opening page Url ********** 
 04/23/2024 12:23:02 PM : INFO : TestGreenCart : ********** Searching text ********** 
 04/23/2024 12:23:02 PM : INFO : TestGreenCart : ********** Searching text ********** 
 04/23/2024 12:23:04 PM : INFO : TestGreenCart : ********** Adding Items to cart ********** 
 04/23/2024 12:23:04 PM : INFO : TestGreenCart : ********** Adding Items to cart ********** 
 04/23/2024 12:23:05 PM : INFO : TestGreenCart : ********** Checkout proceeded ********** 
 04/23/2024 12:23:05 PM : INFO : TestGreenCart : ********** Checkout proceeded ********** 
 04/23/2024 12:23:05 PM : INFO : TestGreenCart : ********** Applying Promocode ********** 
 04/23/2024 12:23:05 PM : INFO : TestGreenCart : ********** Applying Promocode ********** 
 04/23/2024 12:23:11 PM : INFO : TestGreenCart : ********** Confirming Order ********** 
 04/23/2024 12:23:11 PM : INFO : TestGreenCart : ********** Confirming Order ********** 
 04/23/2024 12:23:13 PM : INFO : TestGreenCart : ********** Testcase Passed ********** 
 04/23/2024 12:23:13 PM : INFO : TestGreenCart : ********** Testcase Passed ********** 
 04/23/2024 12:27:21 PM : INFO : TestGreenCart : ********** GreenCartTest **********  
 04/23/2024 12:27:21 PM : INFO : TestGreenCart : ********** GreenCartTest **********  
 04/23/2024 12:27:21 PM : INFO : TestGreenCart : ********** Opening page Url ********** 
 04/23/2024 12:27:21 PM : INFO : TestGreenCart : ********** Opening page Url ********** 
 04/23/2024 12:27:22 PM : INFO : TestGreenCart : ********** Searching text ********** 
 04/23/2024 12:27:22 PM : INFO : TestGreenCart : ********** Searching text ********** 
 04/23/2024 12:27:25 PM : INFO : TestGreenCart : ********** Adding Items to cart ********** 
 04/23/2024 12:27:25 PM : INFO : TestGreenCart : ********** Adding Items to cart ********** 
 04/23/2024 12:27:25 PM : INFO : TestGreenCart : ********** Checkout proceeded ********** 
 04/23/2024 12:27:25 PM : INFO : TestGreenCart : ********** Checkout proceeded ********** 
 04/23/2024 12:27:25 PM : INFO : TestGreenCart : ********** Applying Promocode ********** 
 04/23/2024 12:27:25 PM : INFO : TestGreenCart : ********** Applying Promocode ********** 
 04/23/2024 12:27:31 PM : INFO : TestGreenCart : ********** Confirming Order ********** 
 04/23/2024 12:27:31 PM : INFO : TestGreenCart : ********** Confirming Order ********** 
 04/23/2024 12:27:33 PM : INFO : TestGreenCart : ********** Testcase Passed ********** 
 04/23/2024 12:27:33 PM : INFO : TestGreenCart : ********** Testcase Passed ********** 
 04/23/2024 12:28:22 PM : INFO : TestGreenCart : ********** GreenCartTest **********  
 04/23/2024 12:28:22 PM : INFO : TestGreenCart : ********** GreenCartTest **********  
 04/23/2024 12:28:22 PM : INFO : TestGreenCart : ********** Opening page Url ********** 
 04/23/2024 12:28:22 PM : INFO : TestGreenCart : ********** Opening page Url ********** 
 04/23/2024 12:28:23 PM : INFO : TestGreenCart : ********** Searching text ********** 
 04/23/2024 12:28:23 PM : INFO : TestGreenCart : ********** Searching text ********** 
 04/23/2024 12:28:25 PM : INFO : TestGreenCart : ********** Adding Items to cart ********** 
 04/23/2024 12:28:25 PM : INFO : TestGreenCart : ********** Adding Items to cart ********** 
 04/23/2024 12:28:25 PM : INFO : TestGreenCart : ********** Checkout proceeded ********** 
 04/23/2024 12:28:25 PM : INFO : TestGreenCart : ********** Checkout proceeded ********** 
 04/23/2024 12:28:25 PM : INFO : TestGreenCart : ********** Applying Promocode ********** 
 04/23/2024 12:28:25 PM : INFO : TestGreenCart : ********** Applying Promocode ********** 
 04/23/2024 12:28:31 PM : INFO : TestGreenCart : ********** Confirming Order ********** 
 04/23/2024 12:28:31 PM : INFO : TestGreenCart : ********** Confirming Order ********** 
 04/23/2024 12:28:34 PM : INFO : TestGreenCart : ********** Testcase Passed ********** 
 04/23/2024 12:28:34 PM : INFO : TestGreenCart : ********** Testcase Passed ********** 
